<?xml version="1.0" encoding="UTF-8"?>
<!-- Generated by org.testng.reporters.JUnitXMLReporter -->
<testsuite hostname="Yasmeen-PC" name="Test-Runner-chrome" tests="1" failures="0" timestamp="18 Jul 2018 10:03:44 GMT" time="36.188" errors="0">
  <testcase name="createRejectedQuoteTest" time="19.357" classname="com.crm.EndtoEnd.CreateRejectedQuoteTest"/>
</testsuite> <!-- Test-Runner-chrome -->
