<?xml version="1.0" encoding="UTF-8"?>
<!-- Generated by org.testng.reporters.JUnitReportReporter -->
<testsuite hostname="Yasmeen-PC" name="com.crm.EndtoEnd.CreateSaleOrder1" tests="1" failures="0" timestamp="23 Jul 2018 14:50:22 GMT" time="105.405" errors="0">
  <testcase name="createSalesOrder" time="105.405" classname="com.crm.EndtoEnd.CreateSaleOrder1"/>
</testsuite> <!-- com.crm.EndtoEnd.CreateSaleOrder1 -->
