<?xml version="1.0" encoding="UTF-8"?>
<!-- Generated by org.testng.reporters.JUnitReportReporter -->
<testsuite hostname="Yasmeen-PC" name="com.crm.EndtoEnd.CreateAcceptedQuote" tests="1" failures="0" timestamp="23 Jul 2018 14:50:22 GMT" time="108.403" errors="0">
  <testcase name="createAcceptedQuote" time="108.403" classname="com.crm.EndtoEnd.CreateAcceptedQuote"/>
</testsuite> <!-- com.crm.EndtoEnd.CreateAcceptedQuote -->
