<?xml version="1.0" encoding="UTF-8"?>
<!-- Generated by org.testng.reporters.JUnitReportReporter -->
<testsuite hostname="Yasmeen-PC" name="com.crm.CampaignTest.CreateRejectedQuoteTest" tests="1" failures="0" timestamp="17 Jul 2018 10:40:01 GMT" time="47.629" errors="0">
  <testcase name="createRejectedQuoteTest" time="47.629" classname="com.crm.CampaignTest.CreateRejectedQuoteTest"/>
</testsuite> <!-- com.crm.CampaignTest.CreateRejectedQuoteTest -->
