<?xml version="1.0" encoding="UTF-8"?>
<!-- Generated by org.testng.reporters.JUnitReportReporter -->
<testsuite hostname="Yasmeen-PC" name="com.crm.CampaignTest.CreateCampTest" tests="1" failures="0" timestamp="17 Jul 2018 06:47:41 GMT" time="18.571" errors="0">
  <testcase name="createCampMapProductTest" time="18.571" classname="com.crm.CampaignTest.CreateCampTest"/>
</testsuite> <!-- com.crm.CampaignTest.CreateCampTest -->
