<?xml version="1.0" encoding="UTF-8"?>
<!-- Generated by org.testng.reporters.JUnitReportReporter -->
<testsuite hostname="Yasmeen-PC" name="com.crm.OrganizationTest.OrgTest" tests="3" failures="0" timestamp="23 Jul 2018 14:50:22 GMT" time="112.076" errors="0">
  <testcase name="deleteOrg" time="38.980" classname="com.crm.OrganizationTest.OrgTest"/>
  <testcase name="createOrgTest" time="34.978" classname="com.crm.OrganizationTest.OrgTest"/>
  <testcase name="editOrg" time="38.118" classname="com.crm.OrganizationTest.OrgTest"/>
</testsuite> <!-- com.crm.OrganizationTest.OrgTest -->
