<?xml version="1.0" encoding="UTF-8"?>
<!-- Generated by org.testng.reporters.JUnitReportReporter -->
<testsuite hostname="Yasmeen-PC" name="com.crm.EndtoEnd.CreateRejectedQuoteTest" tests="1" failures="0" timestamp="23 Jul 2018 14:50:22 GMT" time="106.920" errors="0">
  <testcase name="createRejectedQuoteTest" time="106.920" classname="com.crm.EndtoEnd.CreateRejectedQuoteTest"/>
</testsuite> <!-- com.crm.EndtoEnd.CreateRejectedQuoteTest -->
