<?xml version="1.0" encoding="UTF-8"?>
<!-- Generated by org.testng.reporters.JUnitReportReporter -->
<testsuite hostname="Yasmeen-PC" name="com.crm.CampaignTest.SampleRun" tests="1" failures="0" timestamp="16 Jul 2018 05:29:56 GMT" time="18.840" errors="0">
  <testcase name="createCamp" time="18.840" classname="com.crm.CampaignTest.SampleRun"/>
</testsuite> <!-- com.crm.CampaignTest.SampleRun -->
