<?xml version="1.0" encoding="UTF-8"?>
<!-- Generated by org.testng.reporters.JUnitReportReporter -->
<testsuite hostname="Yasmeen-PC" name="com.crm.CampaignTest.CampaignTest" tests="3" failures="0" timestamp="31 Jul 2018 05:26:51 GMT" time="84.882" errors="0">
  <testcase name="createCampMapProduct" time="28.064" classname="com.crm.CampaignTest.CampaignTest"/>
  <testcase name="deleteCampaign" time="30.823" classname="com.crm.CampaignTest.CampaignTest"/>
  <testcase name="createCampTest" time="25.995" classname="com.crm.CampaignTest.CampaignTest"/>
</testsuite> <!-- com.crm.CampaignTest.CampaignTest -->
