<?xml version="1.0" encoding="UTF-8"?>
<!-- Generated by org.testng.reporters.JUnitReportReporter -->
<testsuite hostname="Yasmeen-PC" name="com.crm.OrganizationTest.createOrgTest" tests="3" failures="0" timestamp="17 Jul 2018 09:59:40 GMT" time="63.995" errors="0">
  <testcase name="createOrgTest" time="13.489" classname="com.crm.OrganizationTest.createOrgTest"/>
  <testcase name="deleteOrg" time="24.909" classname="com.crm.OrganizationTest.createOrgTest"/>
  <testcase name="editOrg" time="25.597" classname="com.crm.OrganizationTest.createOrgTest"/>
</testsuite> <!-- com.crm.OrganizationTest.createOrgTest -->
