<?xml version="1.0" encoding="UTF-8"?>
<!-- Generated by org.testng.reporters.JUnitReportReporter -->
<testsuite hostname="Yasmeen-PC" name="com.crm.CampaignTest.CampaignMapProduct" tests="1" failures="0" timestamp="17 Jul 2018 05:43:42 GMT" time="21.346" errors="0">
  <testcase name="createCampMapProduct" time="21.346" classname="com.crm.CampaignTest.CampaignMapProduct"/>
</testsuite> <!-- com.crm.CampaignTest.CampaignMapProduct -->
