<?xml version="1.0" encoding="UTF-8"?>
<!-- Generated by org.testng.reporters.JUnitReportReporter -->
<testsuite hostname="Yasmeen-PC" name="com.crm.EndtoEnd.EndToEnd" tests="1" failures="0" timestamp="17 Jul 2018 10:30:35 GMT" time="46.828" errors="0">
  <testcase name="createAcceptedQuote" time="46.828" classname="com.crm.EndtoEnd.EndToEnd"/>
</testsuite> <!-- com.crm.EndtoEnd.EndToEnd -->
